mode: atomic
github.com/gabrielsouzacoder/clean-new/entity/entity.go:9.17,11.2 1 2
github.com/gabrielsouzacoder/clean-new/entity/todo.go:15.38,16.25 1 2
github.com/gabrielsouzacoder/clean-new/entity/todo.go:19.2,19.12 1 1
github.com/gabrielsouzacoder/clean-new/entity/todo.go:16.25,18.3 1 1
github.com/gabrielsouzacoder/clean-new/entity/todo.go:22.62,31.16 3 2
github.com/gabrielsouzacoder/clean-new/entity/todo.go:35.2,35.15 1 1
github.com/gabrielsouzacoder/clean-new/entity/todo.go:31.16,33.3 1 1
github.com/gabrielsouzacoder/clean-new/usecase/todo/inmemory.go:9.38,15.2 2 4
github.com/gabrielsouzacoder/clean-new/usecase/todo/inmemory.go:17.63,20.2 2 3
github.com/gabrielsouzacoder/clean-new/usecase/todo/inmemory.go:22.51,24.24 2 2
github.com/gabrielsouzacoder/clean-new/usecase/todo/inmemory.go:28.2,28.15 1 2
github.com/gabrielsouzacoder/clean-new/usecase/todo/inmemory.go:24.24,26.3 1 2
github.com/gabrielsouzacoder/clean-new/usecase/todo/service.go:11.40,15.2 1 4
github.com/gabrielsouzacoder/clean-new/usecase/todo/service.go:17.70,20.16 2 4
github.com/gabrielsouzacoder/clean-new/usecase/todo/service.go:23.2,23.25 1 3
github.com/gabrielsouzacoder/clean-new/usecase/todo/service.go:20.16,22.3 1 1
github.com/gabrielsouzacoder/clean-new/usecase/todo/service.go:26.55,29.16 2 2
github.com/gabrielsouzacoder/clean-new/usecase/todo/service.go:33.2,33.19 1 2
github.com/gabrielsouzacoder/clean-new/usecase/todo/service.go:29.16,31.3 1 0
